[31-Aug-2024 18:17:06 UTC] PHP Deprecated:  Creation of dynamic property wpdb::$categories is deprecated in D:\XAMPP\htdocs\thecare\wp-includes\wp-db.php on line 760
[31-Aug-2024 18:17:06 UTC] PHP Deprecated:  Creation of dynamic property wpdb::$post2cat is deprecated in D:\XAMPP\htdocs\thecare\wp-includes\wp-db.php on line 760
[31-Aug-2024 18:17:06 UTC] PHP Deprecated:  Creation of dynamic property wpdb::$link2cat is deprecated in D:\XAMPP\htdocs\thecare\wp-includes\wp-db.php on line 760
[31-Aug-2024 18:17:06 UTC] PHP Fatal error:  Cannot redeclare wp_get_attachment_thumb_file() (previously declared in D:\XAMPP\htdocs\thecare\wp-includes\post.php:6709) in D:\XAMPP\htdocs\thecare\wp-includes\deprecated.php on line 4379
[31-Aug-2024 18:34:43 UTC] Automatic updates starting...
[31-Aug-2024 18:34:45 UTC]   Automatic plugin updates starting...
[31-Aug-2024 18:34:45 UTC]   Automatic plugin updates complete.
[31-Aug-2024 18:34:45 UTC]   Automatic theme updates starting...
[31-Aug-2024 18:34:45 UTC]   Automatic theme updates complete.
[31-Aug-2024 18:34:45 UTC] Automatic updates complete.
[31-Aug-2024 18:38:50 UTC] PHP Deprecated:  Using ${expr} (variable variables) in strings is deprecated, use {${expr}} instead in D:\XAMPP\htdocs\thecare\wp-content\plugins\elementor\data\v2\manager.php on line 281
[31-Aug-2024 18:38:50 UTC] PHP Deprecated:  Using ${expr} (variable variables) in strings is deprecated, use {${expr}} instead in D:\XAMPP\htdocs\thecare\wp-content\plugins\elementor\data\v2\manager.php on line 281
[31-Aug-2024 18:38:51 UTC] PHP Deprecated:  The PSR-0 `Requests_...` class names in the Requests library are deprecated. Switch to the PSR-4 `WpOrg\Requests\...` class names at your earliest convenience. in D:\XAMPP\htdocs\thecare\wp-includes\Requests\src\Autoload.php on line 168
[31-Aug-2024 18:38:51 UTC] PHP Deprecated:  Using ${expr} (variable variables) in strings is deprecated, use {${expr}} instead in D:\XAMPP\htdocs\thecare\wp-content\plugins\elementor\data\v2\manager.php on line 281
[31-Aug-2024 18:39:03 UTC] PHP Deprecated:  Using ${expr} (variable variables) in strings is deprecated, use {${expr}} instead in D:\XAMPP\htdocs\thecare\wp-content\plugins\elementor\data\v2\manager.php on line 281
[31-Aug-2024 18:39:55 UTC] PHP Deprecated:  Using ${expr} (variable variables) in strings is deprecated, use {${expr}} instead in D:\XAMPP\htdocs\thecare\wp-content\plugins\elementor\data\v2\manager.php on line 281
[31-Aug-2024 18:39:56 UTC] PHP Deprecated:  The PSR-0 `Requests_...` class names in the Requests library are deprecated. Switch to the PSR-4 `WpOrg\Requests\...` class names at your earliest convenience. in D:\XAMPP\htdocs\thecare\wp-includes\Requests\src\Autoload.php on line 168
[31-Aug-2024 18:41:56 UTC] PHP Deprecated:  Using ${expr} (variable variables) in strings is deprecated, use {${expr}} instead in D:\XAMPP\htdocs\thecare\wp-content\plugins\elementor\data\v2\manager.php on line 281
[31-Aug-2024 18:41:56 UTC] PHP Deprecated:  The PSR-0 `Requests_...` class names in the Requests library are deprecated. Switch to the PSR-4 `WpOrg\Requests\...` class names at your earliest convenience. in D:\XAMPP\htdocs\thecare\wp-includes\Requests\src\Autoload.php on line 168
[31-Aug-2024 18:43:57 UTC] PHP Deprecated:  Using ${expr} (variable variables) in strings is deprecated, use {${expr}} instead in D:\XAMPP\htdocs\thecare\wp-content\plugins\elementor\data\v2\manager.php on line 281
[31-Aug-2024 18:43:58 UTC] PHP Deprecated:  The PSR-0 `Requests_...` class names in the Requests library are deprecated. Switch to the PSR-4 `WpOrg\Requests\...` class names at your earliest convenience. in D:\XAMPP\htdocs\thecare\wp-includes\Requests\src\Autoload.php on line 168
[31-Aug-2024 18:45:59 UTC] PHP Warning:  require(D:\XAMPP\htdocs\thecare\wp-content\plugins\elementor/includes/plugin.php): Failed to open stream: No such file or directory in D:\XAMPP\htdocs\thecare\wp-content\plugins\elementor\elementor.php on line 51
[31-Aug-2024 18:45:59 UTC] PHP Fatal error:  Uncaught Error: Failed opening required 'D:\XAMPP\htdocs\thecare\wp-content\plugins\elementor/includes/plugin.php' (include_path='D:\xampp\php\PEAR') in D:\XAMPP\htdocs\thecare\wp-content\plugins\elementor\elementor.php:51
Stack trace:
#0 D:\XAMPP\htdocs\thecare\wp-settings.php(522): include_once()
#1 D:\XAMPP\htdocs\thecare\wp-config.php(99): require_once('D:\\XAMPP\\htdocs...')
#2 D:\XAMPP\htdocs\thecare\wp-load.php(50): require_once('D:\\XAMPP\\htdocs...')
#3 D:\XAMPP\htdocs\thecare\wp-admin\admin-ajax.php(22): require_once('D:\\XAMPP\\htdocs...')
#4 {main}
  thrown in D:\XAMPP\htdocs\thecare\wp-content\plugins\elementor\elementor.php on line 51
