********************************************************************************
DUPLICATOR-LITE PACKAGE-LOG: July 17, 2022 5:13 pm
NOTICE: Do NOT post to public sites or forums 
********************************************************************************
VERSION:	1.4.7
WORDPRESS:	6.0.1
PHP INFO:	8.0.12 | SAPI: apache2handler
SERVER:		Apache/2.4.51 (Win64) OpenSSL/1.1.1l PHP/8.0.12 
PHP TIME LIMIT: (0) no time limit imposed 
PHP MAX MEMORY: 4294967296 (512M default) 
MEMORY STACK: 6MB

********************************************************************************
DATABASE:
********************************************************************************
BUILD MODE:   MYSQLDUMP
MYSQLTIMEOUT: 5000
MYSQLDUMP:    Is Supported
SQL CREATED: Thecare_8fd21b56034641249576_20220717171315_database.sql
SQL FILE SIZE: 1.72MB (1807093)
SQL FILE TIME: 2022-07-17 17:13:37
SQL RUNTIME: 4.25 sec.

********************************************************************************
ARCHIVE (ZIP):
********************************************************************************
ARCHIVE DIR:  D:/XAMPP/htdocs/thecare
ARCHIVE FILE: Thecare_8fd21b56034641249576_20220717171315_archive.zip
FILTERS: *OFF*
DIRS:
	not set
FILES:
	not set
EXTS:  not set
----------------------------------------
COMPRESSING
SIZE:	108.48MB
STATS:	Dirs 878 | Files 4,708
SQL ADDED: Thecare_8fd21b56034641249576_20220717171315_database.sql
ZipArchive Object
(
    [lastId] => 5585
    [status] => 0
    [statusSys] => 0
    [numFiles] => 5586
    [filename] => D:\XAMPP\htdocs\thecare\wp-content\backups-dup-lite\tmp\Thecare_8fd21b56034641249576_20220717171315_archive.zip
    [comment] => 
)

FILE ADDED TO ZIP: 5585
COMPRESSION RESULT: '1'
COMPRESSED SIZE: 32.56MB
ARCHIVE RUNTIME: 11.93 sec.
MEMORY STACK: 8MB
building installer
add_extra_files1
add_extra_files2
add_extra_files3
add_extra_files4
Doing archive file check
add_extra_files5
add_extra_files6
add_extra_files8
Successfully opened zip D:/XAMPP/htdocs/thecare/wp-content/backups-dup-lite/tmp/Thecare_8fd21b56034641249576_20220717171315_archive.zip
Adding enhanced installer files to archive using ZipArchive
Installer files added to archive
Added to archive
After ziparchive close when adding installer

********************************************************************************
INTEGRITY CHECKS:
********************************************************************************
SQL FILE: 1.72MB
INSTALLER FILE: 64.58KB
ARCHIVE FILE: 33.59MB 
EXPECTED FILE/DIRECTORY COUNT: 5,586
ACTUAL FILE/DIRECTORY COUNT: 5,585
ARCHIVE CONSISTENCY TEST: Pass

********************************************************************************
RECORD ID:[1]
TOTAL PROCESS RUNTIME: 17.24 sec.
PEAK PHP MEMORY USED: 8MB
DONE PROCESSING => Thecare July 17, 2022 5:13 pm

